JvmtiExport can_access_local_variables 0
JvmtiExport can_hotswap_or_post_breakpoint 0
JvmtiExport can_post_on_exceptions 0
# 226 ciObject found
instanceKlass javax/swing/RepaintManager$DisplayChangedRunnable
instanceKlass com/mathworks/mwswing/ScreenSizeChangeHandler$1$1
instanceKlass com/mathworks/mvm/exec/MatlabStackTraceElement
instanceKlass com/mathworks/mde/cmdwin/CmdWinDocumentUtilities
instanceKlass com/mathworks/mde/cmdwin/CmdWinDocument$4
instanceKlass com/mathworks/mde/cmdwin/CmdWinDocument$AnnotatedInfo
instanceKlass com/mathworks/mde/cmdwin/CmdWinDocument$SpecialCharacter
instanceKlass sun/awt/windows/WToolkit$3
instanceKlass com/mathworks/mwswing/ScreenSizeChangeHandler$1
instanceKlass com/mathworks/mde/cmdhist/AltHistory$4
instanceKlass com/mathworks/jmi/AWTUtilities$MatlabWait
instanceKlass com/mathworks/mde/cmdwin/CmdWinDocument$FlushRunnable
instanceKlass java/nio/file/WatchKey
instanceKlass java/nio/file/WatchEvent$Modifier
instanceKlass java/nio/file/WatchEvent$Kind
instanceKlass java/nio/file/WatchService
instanceKlass com/mathworks/addons_common/ManagerInstalledAddOnMetadata
instanceKlass com/mathworks/addons_common/ExplorerInstalledAddOnMetadata
instanceKlass com/mathworks/toolbox/matlab/webwindow/FocusManager
instanceKlass java/awt/GraphicsConfigTemplate
instanceKlass java/io/Console
instanceKlass com/mathworks/util/AbsoluteFile
instanceKlass com/mathworks/page/plottool/propertyeditor/controls/AbstractPositionSelector$SelectableRegion
instanceKlass com/mathworks/page/plottool/propertyeditor/controls/LimitsControl$LimitsInputCompletionObserver
instanceKlass com/mathworks/page/plottool/propertyeditor/controls/ValueStringVector
instanceKlass com/mathworks/page/plottool/propertyeditor/controls/PropertyControl$UDDPropertyChangeListener
instanceKlass java/beans/Customizer
instanceKlass com/mathworks/page/plottool/propertyeditor/panels/IPropertyPanel
instanceKlass com/mathworks/page/plottool/propertyeditor/BeanManager
instanceKlass com/mathworks/page/plottool/PropertyEditor$UpdateObjectsMatlabRunnable
instanceKlass com/mathworks/page/plottool/propertyeditor/PropertyEditorResources
instanceKlass com/mathworks/page/plottool/figurepalette/FigurePaletteResources
instanceKlass com/mathworks/page/plottool/figurepalette/VarsPalettePage$FigPalatteWorkspaceIcon
instanceKlass com/mathworks/page/plottool/PlotBrowser$CachedFigureState
instanceKlass com/mathworks/page/plottool/MatlabSelectionListener
instanceKlass javax/swing/event/TreeModelListener
instanceKlass com/mathworks/page/plottool/PlotBrowser$ParentProxy
instanceKlass com/mathworks/page/plottool/PlotBrowser$BrowserItem
instanceKlass com/mathworks/page/plottool/SelectionManager$DropListener
instanceKlass com/mathworks/page/plottool/SelectionManager
instanceKlass com/mathworks/widgets/color/ColorPicker$ColorSwatch
instanceKlass com/mathworks/widgets/color/ColorPickerUtils
instanceKlass com/jgoodies/forms/util/DefaultUnitConverter$DialogBaseUnits
instanceKlass com/jgoodies/forms/util/AbstractUnitConverter
instanceKlass com/mathworks/hg/types/HGLineStyles
instanceKlass com/mathworks/hg/types/HGPoint3
instanceKlass com/mathworks/hg/types/HGView
instanceKlass org/apache/commons/lang/math/Range
instanceKlass com/mathworks/hg/types/Resources
instanceKlass com/mathworks/hg/types/HGMeshColor
instanceKlass com/mathworks/hg/types/HGRectangle
instanceKlass com/mathworks/hg/types/HGPoint
instanceKlass java/beans/PropertyEditorManager
instanceKlass java/beans/PropertyEditorSupport
instanceKlass java/beans/PropertyEditor
instanceKlass com/mathworks/beans/editors/IEditorContextSupport
instanceKlass com/mathworks/beans/editors/EnhancedPropertyEditor
instanceKlass com/mathworks/hg/types/HGColor
instanceKlass com/mathworks/hg/types/HGHandle
instanceKlass com/mathworks/hg/Text
instanceKlass com/mathworks/hg/Axes
instanceKlass com/mathworks/hg/GObject
instanceKlass com/mathworks/hg/Figure
instanceKlass com/mathworks/hg/Root
instanceKlass com/mathworks/mlwidgets/util/productinfo/ProductInfoUtils$Parser
instanceKlass com/mathworks/jmi/bean/generic_info
instanceKlass com/mathworks/jmi/bean/attribute_info
instanceKlass com/mathworks/jmi/bean/cp_info
instanceKlass com/mathworks/jmi/bean/class_file
instanceKlass com/mathworks/jmi/bean/BeanFileData
instanceKlass com/mathworks/jmi/bean/BeanManager
instanceKlass com/mathworks/jmi/bean/CallbackInfo
instanceKlass com/mathworks/jmi/bean/CallbackData
instanceKlass com/mathworks/jmi/bean/EventQueue
instanceKlass com/mathworks/jmi/bean/MatlabCallbackInterface
instanceKlass com/mathworks/jmi/bean/EventCallback
instanceKlass com/mathworks/jmi/bean/BeanWrapper
instanceKlass com/mathworks/jmi/bean/MethodInfo
instanceKlass com/mathworks/jmi/bean/EventInfo
instanceKlass com/mathworks/jmi/bean/ClassWrapper
instanceKlass com/mathworks/jmi/bean/PropInfo
instanceKlass com/mathworks/beans/ExtraPropertyAttributes
instanceKlass com/mathworks/jmi/bean/EventServer
instanceKlass com/mathworks/jmi/bean/BeanUDDListenerAdapter
instanceKlass com/mathworks/jmi/bean/ClassFileEditor
instanceKlass com/mathworks/jmi/bean/ListenerClassServer
instanceKlass com/mathworks/hg/peer/ui/table/event/UITableCellEditValidationListener
instanceKlass com/mathworks/hg/peer/ui/table/event/UITableCellEditListener
instanceKlass com/mathworks/hg/peer/ui/event/UIKeyListener
instanceKlass com/mathworks/hg/peer/event/UicontrolUserListener
instanceKlass com/mathworks/hg/peer/event/UicontrolListener
instanceKlass com/mathworks/hg/peer/event/UicontrolKeyListener
instanceKlass com/mathworks/hg/peer/event/NodeSelectedListener
instanceKlass com/mathworks/hg/peer/event/NodeSelectedEvent
instanceKlass com/mathworks/hg/peer/event/NodeExpandedListener
instanceKlass com/mathworks/hg/peer/event/NodeExpandedEvent
instanceKlass com/mathworks/hg/peer/event/NodeDroppedListener
instanceKlass com/mathworks/hg/peer/event/NodeDroppedEvent
instanceKlass com/mathworks/hg/peer/event/DataChangedListener
instanceKlass com/mathworks/hg/peer/event/DataChangedEvent
instanceKlass com/mathworks/hg/peer/WindowsTextMetric
instanceKlass com/mathworks/hg/peer/WindowRectHandler
instanceKlass com/mathworks/hg/peer/UnitPos
instanceKlass com/mathworks/hg/peer/UitablePeer$TableChangeListener
instanceKlass com/mathworks/widgets/spreadsheet/SelectionHider
instanceKlass com/mathworks/widgets/spreadsheet/ISpreadsheetNavPrefControl
instanceKlass com/mathworks/widgets/spreadsheet/ISpreadsheetSelectionController
instanceKlass com/mathworks/widgets/spreadsheet/ISelectionOpProvider
instanceKlass com/mathworks/widgets/spreadsheet/format/FormattableDisplay
instanceKlass com/mathworks/widgets/spreadsheet/IRegionOpProvider
instanceKlass com/mathworks/widgets/spreadsheet/IRowHeaderPopupMenuSource
instanceKlass com/mathworks/widgets/spreadsheet/ICellQueryInformant
instanceKlass com/mathworks/hg/peer/UitablePeer$SynchronousInvokeRunnable
instanceKlass com/mathworks/hg/peer/UicontrolBuilder
instanceKlass javax/swing/tree/TreeCellRenderer
instanceKlass com/mathworks/hg/peer/UITreePeer$SelectionListener
instanceKlass javax/swing/event/TreeSelectionListener
instanceKlass com/mathworks/hg/peer/UITreePeer$ExpansionListener
instanceKlass javax/swing/tree/TreeModel
instanceKlass javax/swing/tree/DefaultMutableTreeNode
instanceKlass com/mathworks/hg/peer/AbstractComponentPeer
instanceKlass com/mathworks/hg/peer/UIPanel
instanceKlass com/mathworks/hg/peer/ToolbarPeer$1
instanceKlass com/mathworks/hg/peer/TextObjectEdit$CallbackData
instanceKlass com/mathworks/hg/peer/TextObjectEdit$TextEditUndoableListener
instanceKlass com/mathworks/hg/peer/PopupMenuHideHelper
instanceKlass com/mathworks/hg/peer/MenuPeer$MenuItemActionListener
instanceKlass com/mathworks/hg/peer/MenuPeer$MainMenuActionListener
instanceKlass java/awt/event/ContainerAdapter
instanceKlass jogamp/opengl/windows/wgl/WindowsWGLDrawableFactory$SharedResource
instanceKlass jogamp/opengl/windows/wgl/WGLExtProcAddressTable$1
instanceKlass com/jogamp/opengl/GLUniformData
instanceKlass com/jogamp/opengl/GLArrayData
instanceKlass com/jogamp/common/nio/AbstractBuffer
instanceKlass com/jogamp/common/nio/NativeBuffer
instanceKlass jogamp/opengl/windows/wgl/WGLExtImpl
instanceKlass jogamp/opengl/gl4/GL4bcProcAddressTable$1
instanceKlass jogamp/opengl/ExtensionAvailabilityCache
instanceKlass jogamp/opengl/gl4/GL4bcImpl$14
instanceKlass jogamp/opengl/gl4/GL4bcImpl$13
instanceKlass jogamp/opengl/gl4/GL4bcImpl$12
instanceKlass jogamp/opengl/gl4/GL4bcImpl$11
instanceKlass jogamp/opengl/gl4/GL4bcImpl$10
instanceKlass jogamp/opengl/gl4/GL4bcImpl$9
instanceKlass jogamp/opengl/gl4/GL4bcImpl$8
instanceKlass jogamp/opengl/gl4/GL4bcImpl$7
instanceKlass jogamp/opengl/gl4/GL4bcImpl$6
instanceKlass jogamp/opengl/gl4/GL4bcImpl$5
instanceKlass jogamp/opengl/gl4/GL4bcImpl$4
instanceKlass jogamp/opengl/gl4/GL4bcImpl$3
instanceKlass jogamp/opengl/gl4/GL4bcImpl$2
instanceKlass jogamp/opengl/gl4/GL4bcImpl$1
instanceKlass jogamp/opengl/GLContextImpl$1
instanceKlass com/jogamp/opengl/GLRendererQuirks
instanceKlass jogamp/opengl/GLContextShareSet
instanceKlass jogamp/opengl/ListenerSyncedImplStub
instanceKlass jogamp/opengl/GLDebugMessageHandler
instanceKlass com/jogamp/common/util/IntObjectHashMap$Entry
instanceKlass com/jogamp/common/util/IntObjectHashMap$EntryCM
instanceKlass com/jogamp/common/util/IntObjectHashMap$1
instanceKlass com/jogamp/common/util/IntObjectHashMap
instanceKlass com/jogamp/opengl/GLBufferStorage
instanceKlass jogamp/opengl/GLBufferObjectTracker
instanceKlass jogamp/opengl/GLBufferStateTracker
instanceKlass jogamp/opengl/GLContextImpl$2
instanceKlass com/jogamp/common/util/IntIntHashMap$Entry
instanceKlass com/jogamp/common/util/IntIntHashMap
instanceKlass jogamp/opengl/GLStateTracker
instanceKlass jogamp/opengl/windows/wgl/WGLExt
instanceKlass com/jogamp/opengl/GLDebugListener
instanceKlass jogamp/nativewindow/windows/PIXELFORMATDESCRIPTOR
instanceKlass java/util/concurrent/ConcurrentLinkedQueue$Itr
instanceKlass com/mathworks/mde/desk/MLNotificationUIProvider$1$1$1
instanceKlass com/mathworks/update_notification_subscriber/SubscriberStatusIndicator
instanceKlass com/mathworks/notification_client_util/MatlabNotificationUIQueue
instanceKlass com/mathworks/update_notification_subscriber/UpdateNotificationSubscriber$1
instanceKlass com/mathworks/update_notification_subscriber/UpdateNotificationSubscriber$2
instanceKlass com/google/gson/JsonParser
instanceKlass com/mathworks/update_notification_subscriber/UpdateNotificationSubscriber$UpdateInfo
instanceKlass com/mathworks/eps/notificationclient/api/results/CloseResult
instanceKlass com/mathworks/notification_client_util/UINotification
instanceKlass com/mathworks/eps/notificationclient/impl/CloseResultTask
instanceKlass com/google/gson/internal/LinkedTreeMap$LinkedTreeMapIterator
instanceKlass com/mathworks/eps/notificationclient/messages/response/NotificationImpl
instanceKlass com/mathworks/eps/notificationclient/api/Notification
instanceKlass com/mathworks/eps/notificationclient/messages/response/metadata/GetNotificationsResponseMetadata
instanceKlass com/mathworks/eps/notificationclient/messages/response/AbstractResponseMessage
instanceKlass com/google/gson/internal/bind/TypeAdapters$32
instanceKlass com/mathworks/eps/notificationclient/messages/response/NotificationResponse
instanceKlass java/awt/MultipleGradientPaintContext
instanceKlass java/awt/MultipleGradientPaint
instanceKlass jogamp/opengl/windows/wgl/WGLUtil
instanceKlass jogamp/nativewindow/windows/RegisteredClass
instanceKlass jogamp/nativewindow/SurfaceUpdatedHelper
instanceKlass com/jogamp/nativewindow/UpstreamSurfaceHookMutableSize
instanceKlass com/jogamp/nativewindow/UpstreamSurfaceHook$MutableSize
instanceKlass jogamp/nativewindow/ProxySurfaceImpl
instanceKlass com/jogamp/nativewindow/DefaultGraphicsConfiguration
instanceKlass jogamp/opengl/GLGraphicsConfigurationUtil
instanceKlass com/jogamp/nativewindow/DefaultGraphicsScreen
instanceKlass jogamp/opengl/windows/wgl/WindowsWGLDrawableFactory$SharedResourceImplementation
instanceKlass jogamp/opengl/SharedResourceRunner
instanceKlass com/jogamp/nativewindow/VisualIDHolder$VIDComparator
instanceKlass com/jogamp/nativewindow/Capabilities
instanceKlass com/jogamp/nativewindow/CapabilitiesChooser
instanceKlass com/jogamp/gluegen/runtime/opengl/GLNameResolver
instanceKlass com/jogamp/gluegen/runtime/opengl/GLProcAddressResolver
instanceKlass com/jogamp/gluegen/runtime/ProcAddressTable$1
instanceKlass jogamp/opengl/windows/wgl/WGL
instanceKlass jogamp/common/os/DynamicLinkerImpl$LibRef
instanceKlass com/jogamp/common/util/HashUtil
instanceKlass com/jogamp/common/util/LongObjectHashMap$Entry
instanceKlass com/jogamp/common/util/LongObjectHashMap$EntryCM
instanceKlass com/jogamp/common/util/LongObjectHashMap$1
instanceKlass com/jogamp/common/util/LongObjectHashMap
instanceKlass jogamp/common/os/DynamicLinkerImpl
instanceKlass com/jogamp/common/os/DynamicLibraryBundle$1
instanceKlass com/jogamp/common/util/RunnableExecutor$CurrentThreadExecutor
instanceKlass com/jogamp/common/util/RunnableExecutor
instanceKlass jogamp/opengl/GLDynamicLibraryBundleInfo
instanceKlass com/jogamp/common/os/DynamicLibraryBundleInfo
instanceKlass jogamp/opengl/windows/wgl/WindowsWGLDrawableFactory$1
instanceKlass jogamp/opengl/windows/wgl/WindowsWGLDrawableFactory$NopCPUAffinity
instanceKlass jogamp/opengl/SharedResourceRunner$Implementation
instanceKlass jogamp/opengl/windows/wgl/WindowsWGLDrawableFactory$CPUAffinity
instanceKlass com/jogamp/nativewindow/ProxySurface
instanceKlass com/jogamp/nativewindow/MutableSurface
instanceKlass com/mathworks/supportsoftwarematlabmanagement/api/MatlabRefreshApi
instanceKlass jogamp/opengl/GLDrawableImpl
instanceKlass jogamp/opengl/SharedResourceRunner$Resource
instanceKlass com/jogamp/common/os/DynamicLibraryBundle
instanceKlass com/jogamp/opengl/GLFBODrawable
instanceKlass com/jogamp/opengl/GLOffscreenAutoDrawable
instanceKlass com/jogamp/nativewindow/UpstreamSurfaceHook
instanceKlass com/jogamp/opengl/GLCapabilitiesImmutable
instanceKlass com/jogamp/opengl/GLDrawableFactory$1
instanceKlass com/jogamp/opengl/GLDrawableFactory
instanceKlass jogamp/opengl/es3/GLES3Impl
instanceKlass com/jogamp/opengl/GLES3
instanceKlass com/jogamp/opengl/GLES2
instanceKlass jogamp/opengl/es1/GLES1Impl
instanceKlass com/jogamp/opengl/GLES1
instanceKlass com/jogamp/gluegen/runtime/ProcAddressTable
instanceKlass jogamp/opengl/GLBufferObjectTracker$MapBufferRangeDispatch
instanceKlass jogamp/opengl/GLBufferObjectTracker$MapBufferAllDispatch
instanceKlass jogamp/opengl/GLBufferObjectTracker$MapBufferDispatch
instanceKlass jogamp/opengl/GLBufferObjectTracker$UnmapBufferDispatch
instanceKlass jogamp/opengl/GLBufferObjectTracker$CreateStorageDispatch
instanceKlass jogamp/opengl/gl4/GL4bcImpl
instanceKlass com/jogamp/opengl/GL4bc
instanceKlass com/jogamp/opengl/GL4
instanceKlass com/jogamp/opengl/GL3bc
instanceKlass com/jogamp/opengl/GL3
instanceKlass com/jogamp/opengl/GL2
instanceKlass com/jogamp/opengl/GL2GL3
instanceKlass com/jogamp/opengl/GL4ES3
instanceKlass com/jogamp/opengl/GL3ES3
instanceKlass com/jogamp/opengl/GL2ES3
instanceKlass com/jogamp/opengl/GL2ES2
instanceKlass com/jogamp/opengl/GL2ES1
instanceKlass com/jogamp/opengl/fixedfunc/GLLightingFunc
instanceKlass com/jogamp/opengl/fixedfunc/GLPointerFunc
instanceKlass com/jogamp/opengl/fixedfunc/GLMatrixFunc
instanceKlass com/jogamp/opengl/GL
instanceKlass com/jogamp/opengl/GLBase
instanceKlass com/jogamp/nativewindow/ScalableSurface
instanceKlass com/jogamp/opengl/GLSharedContextSetter
instanceKlass com/jogamp/nativewindow/awt/AWTPrintLifecycle
instanceKlass com/jogamp/nativewindow/OffscreenLayerOption
instanceKlass com/jogamp/nativewindow/WindowClosingProtocol
instanceKlass com/jogamp/opengl/awt/AWTGLAutoDrawable
instanceKlass com/jogamp/opengl/awt/ComponentEvents
instanceKlass com/jogamp/opengl/GLAutoDrawable
instanceKlass com/jogamp/opengl/GLDrawable
instanceKlass com/jogamp/nativewindow/GraphicsConfigurationFactory$DeviceCapsType
instanceKlass com/jogamp/nativewindow/GraphicsConfigurationFactory
instanceKlass jogamp/nativewindow/NullToolkitLock
instanceKlass jogamp/nativewindow/windows/GDI
instanceKlass jogamp/nativewindow/windows/RegisteredClassFactory
instanceKlass com/jogamp/nativewindow/util/Point
instanceKlass jogamp/nativewindow/windows/GDIUtil
instanceKlass jogamp/nativewindow/ToolkitProperties
instanceKlass jogamp/nativewindow/jawt/JAWTUtil$3
instanceKlass jogamp/nativewindow/jawt/JAWTUtil$2
instanceKlass java/awt/DisplayMode
instanceKlass java/awt/peer/CheckboxMenuItemPeer
instanceKlass com/mathworks/services/opc/OpcPackage
instanceKlass java/awt/peer/FileDialogPeer
instanceKlass com/mathworks/services/mlx/MlxFileUtils$LiveFunctionFlagListener
instanceKlass java/awt/peer/PopupMenuPeer
instanceKlass java/awt/peer/MenuPeer
instanceKlass java/awt/peer/MenuItemPeer
instanceKlass com/mathworks/widgets/grouptable/GroupingTable$5
instanceKlass java/awt/peer/MenuBarPeer
instanceKlass java/awt/peer/MenuComponentPeer
instanceKlass java/awt/peer/DialogPeer
instanceKlass com/mathworks/matlab/api/explorer/Status$1
instanceKlass java/awt/peer/ChoicePeer
instanceKlass com/mathworks/mlwidgets/explorer/extensions/basic/CoreReadActionProvider$7
instanceKlass java/awt/peer/TextAreaPeer
instanceKlass java/awt/peer/ScrollPanePeer
instanceKlass com/mathworks/mlwidgets/explorer/model/actions/ActionConfigurationImpl$Runner
instanceKlass java/awt/peer/ScrollbarPeer
instanceKlass java/awt/peer/CheckboxPeer
instanceKlass java/awt/peer/ListPeer
instanceKlass java/awt/peer/LabelPeer
instanceKlass java/awt/peer/TextFieldPeer
instanceKlass java/awt/peer/TextComponentPeer
instanceKlass java/awt/peer/ButtonPeer
instanceKlass java/awt/peer/SystemTrayPeer
instanceKlass java/awt/SystemTray
instanceKlass java/awt/peer/TrayIconPeer
instanceKlass java/awt/peer/RobotPeer
instanceKlass java/awt/Robot
instanceKlass jogamp/nativewindow/jawt/JAWTUtil$PrivilegedDataBlob1
instanceKlass jogamp/nativewindow/jawt/JAWTUtil$1
instanceKlass jogamp/opengl/awt/Java2D$1
instanceKlass sun/java2d/opengl/OGLUtilities
instanceKlass jogamp/opengl/awt/Java2D$2
instanceKlass jogamp/opengl/awt/Java2D
instanceKlass jogamp/nativewindow/jawt/JAWTFactory
instanceKlass jogamp/nativewindow/jawt/JAWT$1
instanceKlass jogamp/nativewindow/jawt/JAWT
instanceKlass jogamp/nativewindow/NWJNILibLoader$1
instanceKlass jogamp/nativewindow/jawt/JAWTJNILibLoader$1
instanceKlass jogamp/nativewindow/jawt/JAWTUtil
instanceKlass com/jogamp/nativewindow/NativeWindowFactory$3
instanceKlass com/jogamp/nativewindow/DefaultGraphicsDevice
instanceKlass com/jogamp/nativewindow/NativeWindowFactory$4
instanceKlass com/jogamp/nativewindow/NativeWindowFactory$2$1
instanceKlass jogamp/nativewindow/Debug$1
instanceKlass com/jogamp/nativewindow/NativeWindowFactory$2
instanceKlass com/jogamp/nativewindow/NativeWindow
instanceKlass com/jogamp/nativewindow/NativeSurfaceHolder
instanceKlass com/jogamp/nativewindow/NativeSurface
instanceKlass com/jogamp/nativewindow/SurfaceUpdatedListener
instanceKlass com/jogamp/nativewindow/AbstractGraphicsConfiguration
instanceKlass com/jogamp/nativewindow/CapabilitiesImmutable
instanceKlass com/jogamp/nativewindow/VisualIDHolder
instanceKlass com/jogamp/nativewindow/ToolkitLock
instanceKlass com/jogamp/nativewindow/util/PointImmutable
instanceKlass com/jogamp/common/type/WriteCloneable
instanceKlass com/jogamp/nativewindow/AbstractGraphicsScreen
instanceKlass com/jogamp/nativewindow/AbstractGraphicsDevice
instanceKlass com/jogamp/nativewindow/NativeWindowFactory
instanceKlass com/jogamp/opengl/GLProfile$1
instanceKlass com/jogamp/gluegen/runtime/FunctionAddressResolver
instanceKlass com/jogamp/opengl/GLContext
instanceKlass jogamp/common/util/locks/RecursiveLockImpl01Unfairish$Sync
instanceKlass jogamp/common/util/locks/RecursiveLockImpl01Unfairish
instanceKlass com/jogamp/common/util/locks/RecursiveThreadGroupLock
instanceKlass com/jogamp/common/util/locks/RecursiveLock
instanceKlass com/jogamp/common/util/locks/ThreadLock
instanceKlass com/jogamp/common/util/locks/Lock
instanceKlass com/jogamp/common/util/locks/LockFactory
instanceKlass jogamp/opengl/Debug$1
instanceKlass jogamp/common/os/MachineDataInfoRuntime
instanceKlass jogamp/common/jvm/JVMUtil
instanceKlass com/jogamp/common/jvm/JNILibLoaderBase$1
instanceKlass com/jogamp/common/jvm/JNILibLoaderBase$DefaultAction
instanceKlass com/jogamp/common/jvm/JNILibLoaderBase$LoaderAction
instanceKlass com/jogamp/common/jvm/JNILibLoaderBase
instanceKlass com/jogamp/common/net/Uri$Encoded
instanceKlass com/jogamp/common/net/Uri
instanceKlass com/jogamp/common/util/JarUtil
instanceKlass com/jogamp/common/os/Platform$1
instanceKlass jogamp/common/os/PlatformPropsImpl$3
instanceKlass com/jogamp/common/nio/Buffers
instanceKlass com/jogamp/common/nio/StructAccessor
instanceKlass com/jogamp/common/os/MachineDataInfo
instanceKlass jogamp/common/os/elf/IOUtils
instanceKlass jogamp/common/os/elf/Ehdr_p1
instanceKlass jogamp/common/os/elf/ElfHeaderPart1
instanceKlass com/jogamp/common/os/NativeLibrary$2
instanceKlass com/jogamp/common/os/NativeLibrary$1
instanceKlass com/jogamp/common/os/NativeLibrary$4
instanceKlass com/jogamp/common/os/NativeLibrary$3
instanceKlass com/jogamp/common/util/cache/TempJarCache
instanceKlass com/jogamp/common/util/IOUtil
instanceKlass com/jogamp/common/os/NativeLibrary$5
instanceKlass com/jogamp/common/os/DynamicLinker
instanceKlass com/jogamp/common/os/NativeLibrary
instanceKlass com/jogamp/common/os/DynamicLookupHelper
instanceKlass jogamp/common/os/PlatformPropsImpl$1
instanceKlass jogamp/common/os/PlatformPropsImpl$2
instanceKlass com/jogamp/common/util/ReflectionUtil
instanceKlass com/jogamp/common/os/AndroidVersion
instanceKlass com/jogamp/common/util/VersionNumber
instanceKlass com/jogamp/common/util/PropertyAccess$1
instanceKlass com/jogamp/common/util/SecurityUtil
instanceKlass jogamp/common/Debug$1
instanceKlass com/jogamp/common/util/PropertyAccess
instanceKlass jogamp/common/os/PlatformPropsImpl
instanceKlass com/jogamp/opengl/GLProfile
instanceKlass com/mathworks/hg/uij/OpenGLUtils
instanceKlass com/mathworks/hg/util/NativeHG
instanceKlass com/mathworks/hg/GraphicsOpenGL
instanceKlass com/mathworks/hg/peer/JOGLInitializer
instanceKlass com/mathworks/hg/peer/ComponentContainer
instanceKlass com/mathworks/hg/peer/ObservableFigurePanel
instanceKlass com/mathworks/hg/peer/AbstractFigurePanelProxy
instanceKlass com/mathworks/hg/peer/FigureListener
instanceKlass com/mathworks/hg/peer/FigureJavaComponentListener
instanceKlass com/mathworks/hg/peer/FigureFrameProxyBaseAdapter
instanceKlass com/mathworks/hg/peer/FigureFrameProxy$FigureFrameKeyAdapter
instanceKlass com/mathworks/hg/peer/FigureFrameProxy$FigureFrameFullScreenListener
instanceKlass com/mathworks/mwswing/ControlKeyInterceptor
instanceKlass com/mathworks/hg/peer/FigureFrameProxy
instanceKlass com/mathworks/hg/peer/AbstractFigureFrameProxy
instanceKlass com/mathworks/hg/peer/FigureFocusTraversalPolicyFactory
instanceKlass com/mathworks/hg/peer/FigureEvent
instanceKlass com/mathworks/hg/peer/HeavyweightLightweightContainerFactory$FigurePrintable
instanceKlass com/mathworks/hg/peer/FigurePanelContainer
instanceKlass com/mathworks/hg/peer/FigureNotificationHandlerImpl
instanceKlass com/mathworks/hg/peer/FigureClientProxy$ShowEnabledHandler
instanceKlass com/mathworks/hg/peer/FigureClientProxy$ShowDisabledHandler
instanceKlass com/mathworks/hg/peer/PaintDisabled$PaintDisabledHandler
instanceKlass com/mathworks/hg/peer/PaintDisabled$PaintDisabledTargetHandler
instanceKlass com/mathworks/hg/peer/FigureClientProxy$ShowHandler
instanceKlass com/mathworks/hg/peer/FigureClientProxy
instanceKlass com/mathworks/hg/peer/PositionableFigureClientProxy
instanceKlass com/mathworks/hg/peer/Echo$FireRunnable
instanceKlass com/mathworks/hg/peer/ComboboxPeer$ComboBoxElement
instanceKlass com/mathworks/hg/peer/AbstractUicontrolPeer$1
instanceKlass com/mathworks/hg/peer/ButtonGroupChild
instanceKlass com/mathworks/hg/peer/FigureComponent
instanceKlass com/mathworks/widgets/text/mcode/MFoldInfoCollector
instanceKlass com/mathworks/mde/editor/MatlabEditor
instanceKlass com/mathworks/widgets/text/MWCaret$DelimiterMatchingController
instanceKlass org/netbeans/editor/BaseCaret
instanceKlass org/netbeans/api/editor/fold/FoldHierarchyListener
instanceKlass org/netbeans/editor/AtomicLockListener
instanceKlass com/mathworks/widgets/text/mcode/MLint$Category
instanceKlass com/mathworks/widgets/text/mcode/MLint$AutoFixChange
instanceKlass com/mathworks/widgets/text/mcode/MLint$Message
instanceKlass com/mathworks/widgets/text/mcode/MLint$DefaultCodeAnalyzerContentType
instanceKlass com/mathworks/widgets/text/mcode/MLint$MessageDefinition
instanceKlass com/mathworks/widgets/text/mcode/MLint$CodeAnalyzerContentType
instanceKlass com/mathworks/widgets/text/mcode/MLint
instanceKlass com/mathworks/widgets/tooltip/BalloonToolTip
instanceKlass com/mathworks/widgets/LightButton$IntegerRoundRect
instanceKlass com/mathworks/widgets/text/mcode/MEditorUI$OSGiEditorLayerProviderContributor
instanceKlass com/mathworks/widgets/text/mcode/MEditorUI$EditorLayerProviderContributor
instanceKlass org/netbeans/editor/DrawLayer$AbstractLayer
instanceKlass com/mathworks/widgets/text/MWDrawLayerFactory
instanceKlass org/netbeans/editor/JumpList$Entry
instanceKlass org/netbeans/editor/JumpList$1
instanceKlass org/netbeans/editor/WeakPropertyChangeSupport
instanceKlass org/netbeans/editor/JumpList
instanceKlass org/netbeans/spi/editor/fold/FoldManager
instanceKlass com/mathworks/widgets/text/mcode/MFoldManagerFactory
instanceKlass org/netbeans/spi/editor/fold/FoldManagerFactory
instanceKlass com/mathworks/matlab/api/dataview/BasicUiInfoProvider
instanceKlass com/mathworks/widgets/datamodel/TextFileBackingStore$DefaultEncodingProvider
instanceKlass org/netbeans/editor/FixLineSyntaxState
instanceKlass org/netbeans/editor/DocumentContent
instanceKlass org/netbeans/editor/GapStart
instanceKlass org/netbeans/editor/DrawLayerList
instanceKlass org/netbeans/editor/view/spi/EstimatedSpanView
instanceKlass org/netbeans/editor/view/spi/ViewLayoutState
instanceKlass org/netbeans/editor/DrawEngine$DrawInfo
instanceKlass org/netbeans/editor/DrawContext
instanceKlass org/netbeans/editor/DrawEngine
instanceKlass org/netbeans/editor/Annotations$LineAnnotations
instanceKlass org/netbeans/editor/AnnotationDesc
instanceKlass org/netbeans/editor/Annotations$MenuComparator
instanceKlass org/netbeans/editor/Mark
instanceKlass org/netbeans/editor/Annotations
instanceKlass org/netbeans/editor/FontMetricsCache$InfoImpl
instanceKlass org/netbeans/editor/FontMetricsCache$Info
instanceKlass org/netbeans/editor/FontMetricsCache
instanceKlass org/netbeans/editor/Analyzer
instanceKlass org/netbeans/editor/SettingsUtil$TokenColoringEvaluator
instanceKlass org/netbeans/editor/SettingsUtil$PrintColoringEvaluator
instanceKlass org/netbeans/editor/SettingsUtil
instanceKlass org/netbeans/editor/DrawGraphics$AbstractDG
instanceKlass org/netbeans/editor/MultiKeymap
instanceKlass org/netbeans/editor/FindSupport$IncSearchReturn
instanceKlass org/netbeans/editor/FindSupport$SearchPatternWrapper
instanceKlass org/netbeans/editor/FindSupport
instanceKlass org/netbeans/editor/MarkChain
instanceKlass org/netbeans/editor/LineElement
instanceKlass org/netbeans/lib/editor/util/swing/GapBranchElement
instanceKlass org/netbeans/editor/Registry
instanceKlass org/netbeans/editor/FinderFactory$AbstractFinder
instanceKlass org/netbeans/editor/FinderFactory$StringFinder
instanceKlass org/netbeans/editor/FinderFactory$BlocksFinder
instanceKlass org/netbeans/editor/FinderFactory
instanceKlass org/netbeans/editor/ActionFactory
instanceKlass org/netbeans/editor/TextBatchProcessor
instanceKlass org/netbeans/editor/TokenProcessor
instanceKlass com/mathworks/widgets/text/mcode/CmdManager$CmdMgrTextEventHandler
instanceKlass com/mathworks/widgets/text/mcode/CmdManager$CmdMgrTextViewListener
instanceKlass com/mathworks/widgets/text/mcode/CmdManager$JUnitExpose
instanceKlass com/mathworks/widgets/text/mcode/CmdManager
instanceKlass org/netbeans/editor/ext/AbstractFormatLayer
instanceKlass org/netbeans/editor/Formatter
instanceKlass org/netbeans/editor/ext/FormatLayer
instanceKlass com/mathworks/widgets/text/SmartFormatter
instanceKlass com/mathworks/widgets/text/MWToolTipSupport$DismissEventListener
instanceKlass com/mathworks/widgets/text/layer/EditorTip
instanceKlass com/mathworks/widgets/text/layer/EditorTip$MEditorTipStrategy
instanceKlass com/mathworks/widgets/text/MWEditorUI$1
instanceKlass org/netbeans/editor/EditorUI$1
instanceKlass org/netbeans/editor/AcceptorFactory$4
instanceKlass org/netbeans/editor/AcceptorFactory$3
instanceKlass org/netbeans/editor/AcceptorFactory$2
instanceKlass org/netbeans/editor/AcceptorFactory$1
instanceKlass org/netbeans/editor/AcceptorFactory$TwoChar
instanceKlass org/netbeans/editor/AcceptorFactory$Char
instanceKlass org/netbeans/editor/AcceptorFactory$Fixed
instanceKlass org/netbeans/editor/Acceptor
instanceKlass org/netbeans/editor/AcceptorFactory
instanceKlass org/netbeans/editor/SettingsDefaults
instanceKlass com/mathworks/widgets/text/ViewHierarchyModificationComponent
instanceKlass org/netbeans/editor/StatusBar
instanceKlass org/netbeans/editor/PopupManager
instanceKlass org/netbeans/editor/SideBarFactory
instanceKlass org/netbeans/editor/Annotations$AnnotationsListener
instanceKlass com/mathworks/widgets/text/MWKit$CopySelectionValues
instanceKlass com/mathworks/widgets/text/MWKit$InstancesNotEqual
instanceKlass com/mathworks/widgets/STPPrefsManager$PrintColoringEvaluator
instanceKlass com/mathworks/widgets/text/ErrorLogger
instanceKlass org/netbeans/api/editor/fold/FoldType
instanceKlass com/mathworks/widgets/text/simscape/SimscapeSyntaxHighlighting
instanceKlass com/mathworks/widgets/text/cuda/CudaSyntaxHighlighting
instanceKlass com/mathworks/widgets/text/vhdl/VHDLSyntaxHighlighting
instanceKlass com/mathworks/widgets/text/verilog/VerilogSyntaxHighlighting
instanceKlass com/mathworks/widgets/text/tlc/TLCSyntaxHighlighting
instanceKlass com/mathworks/toolbox/sl3d/meditor/VRMLSyntaxHighlighting
instanceKlass com/mathworks/widgets/SyntaxHighlightingUtils
instanceKlass com/mathworks/widgets/text/EditorPreferences
instanceKlass com/mathworks/widgets/STPPrefsManager$STPPrefsListener
instanceKlass com/mathworks/widgets/SyntaxTextPaneUtilities
instanceKlass org/netbeans/editor/Coloring
instanceKlass org/netbeans/editor/Settings$Evaluator
instanceKlass com/mathworks/widgets/STPPrefsManager
instanceKlass org/netbeans/editor/Settings$AbstractInitializer
instanceKlass org/netbeans/editor/Settings$Initializer
instanceKlass org/netbeans/editor/Settings
instanceKlass org/netbeans/editor/BaseKit$1
instanceKlass org/netbeans/editor/ImplementationProvider
instanceKlass com/mathworks/help/helpui/DocPage$1
instanceKlass com/mathworks/help/helpui/DocPage
instanceKlass com/mathworks/help/helpui/examples/ExampleRegistryItem
instanceKlass org/netbeans/editor/SyntaxSupport
instanceKlass com/mathworks/helpsearch/json/util/JsonObjectReader
instanceKlass org/netbeans/editor/EditorUI
instanceKlass com/mathworks/helpsearch/json/util/JsonArrayReader
instanceKlass com/mathworks/widgets/text/TextDragAndDrop
instanceKlass javax/swing/text/DocumentFilter$FilterBypass
instanceKlass org/netbeans/editor/PrintContainer
instanceKlass org/netbeans/editor/DrawGraphics
instanceKlass org/netbeans/editor/DrawLayer
instanceKlass org/netbeans/editor/CharSeq
instanceKlass com/mathworks/widgets/SyntaxTextPane$SharedCaretListener
instanceKlass com/mathworks/widgets/SyntaxTextPane$SharedFocusListener
instanceKlass com/mathworks/widgets/SyntaxTextPane$ActionManager
instanceKlass com/mathworks/widgets/SyntaxTextPane$EmptyUniqueKeyProvider
instanceKlass com/mathworks/mlwidgets/stack/StackComboBox$StackCallback
instanceKlass com/mathworks/mlwidgets/stack/StackComboBox$Builder
instanceKlass com/mathworks/helpsearch/json/HelpJsonParser$1
instanceKlass com/mathworks/mde/editor/codepad/Codepad$DemoPanelClosedListener
instanceKlass com/mathworks/mde/editor/codepad/Codepad$PopupCallback
instanceKlass com/mathworks/mde/editor/codepad/Codepad$UntitledCellObject
instanceKlass com/mathworks/mde/editor/codepad/Codepad$TaggedLineManager
instanceKlass com/mathworks/mde/editor/codepad/Codepad$CodepadPrefListener
instanceKlass com/mathworks/widgets/HyperlinkTextLabel$HyperlinkStatusBarHandler
instanceKlass com/mathworks/matlab/api/editor/highlighting/EditorHighlighter
instanceKlass com/mathworks/mde/editor/PopupAction$Callback
instanceKlass com/mathworks/mde/editor/codepad/Codepad
instanceKlass com/mathworks/mde/editor/EditorView$EditorPrefListener
instanceKlass com/mathworks/mde/editor/EditorView$OSGiEditorLayerProviderDistributor
instanceKlass com/mathworks/mde/editor/EditorView$PageSetupRunnable
instanceKlass com/mathworks/mde/editor/EditorView$EditorLayerProviderDistributor
instanceKlass com/mathworks/matlab/api/debug/ExecutionDisplayAdapter
instanceKlass com/mathworks/widgets/SyntaxTextPaneMultiView
instanceKlass com/mathworks/mde/editor/codepad/CodepadContainer
instanceKlass com/mathworks/mde/editor/ExecutionArrowDisplay$TextEventHandler
instanceKlass com/mathworks/matlab/api/debug/ExecutionDisplayAdapter$RepaintListener
instanceKlass com/mathworks/mde/editor/ExecutionArrowDisplay
instanceKlass com/mathworks/matlab/api/debug/ContextMenuListener
instanceKlass com/mathworks/matlab/api/debug/BreakpointMarginPopUpMenu
instanceKlass com/mathworks/matlab/api/debug/BreakpointUiInfoProvider
instanceKlass com/mathworks/matlab/api/debug/BreakpointModel
instanceKlass com/mathworks/mlwidgets/debug/DebugActions$ClearBkptListener
instanceKlass com/mathworks/matlab/api/debug/ViewProvider
instanceKlass com/mathworks/widgets/text/mcode/CmdManager$CmdLineListener
instanceKlass com/mathworks/widgets/text/mcode/AbstractMBreakpointMargin
instanceKlass com/mathworks/mde/editor/breakpoints/MatlabBreakpointMargin
instanceKlass com/mathworks/helpsearch/json/JsonStringUtils
instanceKlass com/mathworks/mde/editor/EditorViewClient$DocumentTabActionProvider
instanceKlass com/mathworks/helpsearch/json/HelpJsonParser$JsonStringParser
instanceKlass com/mathworks/mde/editor/EditorViewClient$6
instanceKlass com/mathworks/mde/editor/EditorViewClient$5
instanceKlass com/mathworks/mde/editor/EditorViewClient$4
instanceKlass com/mathworks/helpsearch/json/HelpJsonParser$JsonObjectParser
instanceKlass com/mathworks/mde/editor/EditorViewClient$3
instanceKlass com/mathworks/helpsearch/json/HelpJsonParser$JsonArrayParser
instanceKlass com/mathworks/helpsearch/json/HelpJsonParser$JsonPartParser
instanceKlass com/mathworks/mwswing/api/DirtyStateChangeListener
instanceKlass com/mathworks/helpsearch/json/HelpJsonParser
instanceKlass com/mathworks/mde/editor/EditorViewListener
instanceKlass com/mathworks/mde/editor/EditorViewCallback
instanceKlass com/mathworks/mde/editor/EditorSyntaxTextPane$EditorDropTargetListener
instanceKlass com/mathworks/mwswing/api/UndoabilityChangeListener
instanceKlass com/mathworks/widgets/SyntaxTextPane$UniqueKeyProvider
instanceKlass com/mathworks/mwswing/api/ExtendedUndoManager
instanceKlass com/mathworks/help/helpui/examples/ExampleRegistry
instanceKlass com/mathworks/widgets/text/ViewHierarchyChangeListener
instanceKlass com/mathworks/mlwidgets/help/examples/MLExampleRegistry$ExampleRegistryUpdater
instanceKlass com/mathworks/mlwidgets/help/examples/MLExampleRegistry$1
instanceKlass com/mathworks/mlwidgets/help/docconfig/WebDocConfig$WebDocumentationSet
instanceKlass com/mathworks/mlwidgets/help/docconfig/WebDocConfig$WebDocSetAdapter
instanceKlass com/mathworks/html/UrlTransformer$TransformerVisitor
instanceKlass com/mathworks/html/UrlVisitor
instanceKlass com/mathworks/html/ChildUrlRelativizer
instanceKlass com/mathworks/help/helpui/WebDocBaseRoots
instanceKlass com/mathworks/html/UrlParser$DefaultFileExistenceRules
instanceKlass com/mathworks/html/UrlParser
instanceKlass com/mathworks/html/UrlBuilder
instanceKlass com/mathworks/mlwidgets/help/DocCenterConnectorInitializer$1
instanceKlass com/mathworks/mlwidgets/help/messages/customdoc/ProjectDoc
instanceKlass com/mathworks/mlwidgets/help/messages/OpenHelpBrowserHandler
instanceKlass com/mathworks/mlwidgets/help/messages/DocLinkMessageHandler
instanceKlass com/mathworks/mlwidgets/help/messages/ChangeTitleMessageHandler
instanceKlass com/mathworks/mlwidgets/help/messages/HelpPanelOpenWindow
instanceKlass com/mathworks/mlwidgets/help/HelpPanelHistoryNavigator
instanceKlass com/mathworks/mlwidgets/help/messages/DduxPageViewedCommandLogger
instanceKlass com/mathworks/mlwidgets/help/messages/HelpPanelCurrentLocationHandler
instanceKlass com/mathworks/html/ViewSourceHandler
instanceKlass com/mathworks/mlwidgets/help/messages/ViewPageSourceHandler
instanceKlass com/mathworks/mlwidgets/help/messages/SystemBrowserLinkHandler
instanceKlass com/mathworks/mlwidgets/help/messages/ConsoleEvalHandler
instanceKlass com/mathworks/mlwidgets/help/messages/EvaluateSelectionHandler
instanceKlass com/mathworks/mlwidgets/help/messages/AddressLocatorHandler
instanceKlass com/mathworks/mlwidgets/help/messages/ProductUpdateReleaseNoteHandler
instanceKlass com/mathworks/help/helpui/releasenotes/ReleaseNoteFilterParams
instanceKlass com/mathworks/mlwidgets/help/messages/ReleaseNoteHandler
instanceKlass com/mathworks/mlwidgets/help/messages/ProductFilterHandler
instanceKlass com/mathworks/help/helpui/search/DocSearchRequest
instanceKlass com/mathworks/help/helpui/search/DocSearchResponder
instanceKlass com/mathworks/mlwidgets/help/messages/search/DocSearchMessageHandler
instanceKlass com/mathworks/mlwidgets/help/messages/OverloadMessageBarHandler
instanceKlass com/mathworks/helpsearch/json/JsonEntity
instanceKlass com/mathworks/mlwidgets/help/messages/ServicePreferenceHandler
instanceKlass com/mathworks/mlwidgets/help/messages/HelpSystemMessageParser
instanceKlass com/mathworks/mlwidgets/help/messages/ExampleChannelHandler
instanceKlass com/mathworks/mlwidgets/help/messages/SearchSuggestionHandler
instanceKlass com/mathworks/mlwidgets/help/ConnectorHelpStaticContentManager$1
instanceKlass com/mathworks/mlwidgets/help/ConnectorHelpStaticContentManager$UpdateCustomDocContent
instanceKlass com/mathworks/mlwidgets/help/ConnectorHelpStaticContentManager$InvokeDocStaticContnetDeferredService
instanceKlass com/mathworks/mlwidgets/help/ConnectorHelpStaticContentManager
instanceKlass com/mathworks/mlwidgets/help/MLDocConfigBase$MLDocConfigBaseObserver
instanceKlass com/mathworks/mlwidgets/help/DocCenterConnectorInitializer
instanceKlass com/mathworks/mlwidgets/help/addon/InstalledDocSetItem
instanceKlass com/mathworks/mlwidgets/help/addon/InstalledToolboxFinder
instanceKlass com/mathworks/helpsearch/product/DocCustomToolbox
instanceKlass com/mathworks/mlwidgets/help/DocCustomToolboxBuilder
instanceKlass com/mathworks/toolbox/shared/hwconnectinstaller/util/registry/SupportPackageRootHelpLoader$1
instanceKlass com/mathworks/toolbox/shared/hwconnectinstaller/util/registry/NativeSupportPackageRootReader
instanceKlass com/mathworks/toolbox/shared/hwconnectinstaller/util/registry/SupportPackageData
instanceKlass com/mathworks/toolbox/shared/hwconnectinstaller/util/registry/PackageInfoLoader
instanceKlass com/mathworks/toolbox/shared/hwconnectinstaller/util/registry/InstalledPackageInspector
instanceKlass com/mathworks/toolbox/shared/hwconnectinstaller/util/registry/InstalledPackageInfo
instanceKlass com/mathworks/mlwidgets/help/addon/InstalledPackageAccessor$DefaultSupportPackageInspectorProvider
instanceKlass com/mathworks/help/helpui/addon/InProductDocAddOn
instanceKlass com/mathworks/helpsearch/product/DocAddOn
instanceKlass com/mathworks/helpsearch/HelpPathBuilder
instanceKlass com/mathworks/mlwidgets/help/DocSupportPackageBuilder
instanceKlass com/mathworks/helpsearch/SearchExpressionFilter
instanceKlass com/mathworks/search/SearchExpression
instanceKlass com/mathworks/search/Visitable
instanceKlass com/mathworks/supportsoftwarematlabmanagement/utilities/SsiUtils
instanceKlass com/mathworks/addons_common/InstalledAddon$Builder$2
instanceKlass com/mathworks/helpsearch/product/AbstractDocSetItem
instanceKlass com/mathworks/help/helpui/JsonDocSetParser$1
instanceKlass com/mathworks/help/helpui/JsonDocSetParser$ProductBody
instanceKlass com/mathworks/help/helpui/JsonDocSetParser$ProductFamilyBody
instanceKlass com/fasterxml/jackson/databind/deser/std/NumberDeserializers
instanceKlass com/mathworks/help/helpui/JsonDocSetParser$ProductFamily
instanceKlass com/mathworks/help/helpui/JsonDocSetParser$AddonBody
instanceKlass com/fasterxml/jackson/databind/util/LinkedNode
instanceKlass com/fasterxml/jackson/databind/deser/BasicDeserializerFactory$ContainerDefaultMappings
instanceKlass com/mathworks/help/helpui/JsonDocSetParser$Addon
instanceKlass com/fasterxml/jackson/databind/type/TypeBindings$AsKey
instanceKlass com/fasterxml/jackson/databind/type/TypeBindings$TypeParamStash
instanceKlass com/mathworks/help/helpui/JsonDocSetParser$Product
instanceKlass com/fasterxml/jackson/databind/deser/impl/ReadableObjectId$Referring
instanceKlass com/fasterxml/jackson/databind/deser/impl/BeanPropertyMap
instanceKlass com/fasterxml/jackson/annotation/JsonAlias
instanceKlass com/fasterxml/jackson/databind/introspect/POJOPropertyBuilder$1
instanceKlass com/fasterxml/jackson/databind/introspect/POJOPropertyBuilder$4
instanceKlass com/fasterxml/jackson/databind/introspect/POJOPropertyBuilder$2
instanceKlass com/fasterxml/jackson/databind/deser/impl/NullsConstantProvider
instanceKlass com/fasterxml/jackson/annotation/JsonIgnoreType
instanceKlass com/fasterxml/jackson/databind/util/IgnorePropertiesUtil
instanceKlass com/fasterxml/jackson/annotation/JsonIncludeProperties$Value
instanceKlass com/fasterxml/jackson/annotation/JsonIncludeProperties
instanceKlass com/fasterxml/jackson/annotation/JsonIgnoreProperties$Value
instanceKlass com/fasterxml/jackson/databind/deser/BeanDeserializerBuilder
instanceKlass com/fasterxml/jackson/databind/deser/BasicDeserializerFactory$CreatorCollectionState
instanceKlass com/fasterxml/jackson/databind/PropertyMetadata
instanceKlass com/fasterxml/jackson/annotation/JsonPropertyDescription
instanceKlass com/fasterxml/jackson/annotation/JsonPropertyOrder
instanceKlass com/fasterxml/jackson/databind/annotation/JsonNaming
instanceKlass com/fasterxml/jackson/annotation/JacksonInject
instanceKlass com/fasterxml/jackson/databind/introspect/POJOPropertyBuilder$6
instanceKlass com/fasterxml/jackson/databind/introspect/POJOPropertyBuilder$5
instanceKlass com/fasterxml/jackson/databind/introspect/AnnotatedMethodMap
instanceKlass com/fasterxml/jackson/databind/introspect/POJOPropertyBuilder$Linked
instanceKlass com/fasterxml/jackson/databind/AnnotationIntrospector$ReferenceProperty
instanceKlass com/fasterxml/jackson/databind/introspect/POJOPropertyBuilder$WithMember
instanceKlass com/fasterxml/jackson/annotation/JsonIgnore
instanceKlass com/fasterxml/jackson/annotation/JsonAutoDetect$1
instanceKlass com/fasterxml/jackson/annotation/JsonProperty
instanceKlass com/fasterxml/jackson/annotation/JsonSetter
instanceKlass com/fasterxml/jackson/annotation/JsonAnySetter
instanceKlass com/fasterxml/jackson/annotation/JsonAnyGetter
instanceKlass com/fasterxml/jackson/annotation/JsonValue
instanceKlass com/fasterxml/jackson/annotation/JsonKey
instanceKlass com/fasterxml/jackson/databind/introspect/AnnotatedFieldCollector$FieldBuilder
instanceKlass com/mathworks/help/helpui/JsonDocSetParser$DocSet
instanceKlass com/fasterxml/jackson/databind/introspect/TypeResolutionContext$Basic
instanceKlass com/fasterxml/jackson/databind/introspect/AnnotationMap
instanceKlass com/fasterxml/jackson/databind/introspect/CollectorBase
instanceKlass com/fasterxml/jackson/databind/deser/impl/CreatorCollector
instanceKlass com/fasterxml/jackson/databind/cfg/ConstructorDetector
instanceKlass com/fasterxml/jackson/core/JsonLocation
instanceKlass com/fasterxml/jackson/databind/deser/ValueInstantiator
instanceKlass com/fasterxml/jackson/databind/deser/impl/JDKValueInstantiators
instanceKlass com/fasterxml/jackson/databind/annotation/JsonValueInstantiator
instanceKlass com/fasterxml/jackson/databind/util/BeanUtil
instanceKlass com/fasterxml/jackson/databind/jsontype/impl/SubTypeValidator
instanceKlass com/fasterxml/jackson/databind/deser/std/JdkDeserializers
instanceKlass com/fasterxml/jackson/databind/ext/Java7Handlers
instanceKlass com/fasterxml/jackson/databind/ext/OptionalHandlerFactory
instanceKlass com/fasterxml/jackson/annotation/JsonIdentityInfo
instanceKlass com/fasterxml/jackson/annotation/JsonAutoDetect
instanceKlass com/fasterxml/jackson/databind/introspect/POJOPropertiesCollector
instanceKlass com/fasterxml/jackson/databind/introspect/AnnotationCollector$OneAnnotation
instanceKlass com/fasterxml/jackson/annotation/JacksonAnnotationsInside
instanceKlass com/fasterxml/jackson/annotation/JacksonAnnotation
instanceKlass com/fasterxml/jackson/annotation/JsonIgnoreProperties
instanceKlass com/fasterxml/jackson/databind/type/ClassStack
instanceKlass com/mathworks/help/helpui/JsonDocSetParser$DocSetTop
instanceKlass com/mathworks/helpsearch/product/PropertiesBaseCodeMapBuilder
instanceKlass com/mathworks/helpsearch/product/BaseCodeMapBuilder
instanceKlass com/mathworks/helpsearch/HelpLocation
instanceKlass com/mathworks/help/helpui/JsonDocSetParser
instanceKlass com/mathworks/helpsearch/product/SimpleDocumentationSetBuilder$AddDocSetItemVisitor
instanceKlass com/mathworks/helpsearch/product/ProductBaseCodeMap
instanceKlass com/mathworks/helpsearch/product/SimpleDocumentationSet
instanceKlass com/mathworks/helpsearch/product/DocSetItemVisitor
instanceKlass com/mathworks/helpsearch/product/SimpleDocumentationSetBuilder
instanceKlass com/mathworks/helpsearch/product/DocumentationSetBuilder
instanceKlass com/mathworks/help/helpui/ContentFormatManager
instanceKlass com/mathworks/mlwidgets/util/productinfo/ProductInfoUtils$PathActionListener
instanceKlass com/mathworks/mlwidgets/help/addon/DemoPath$DemoFileRunnable
instanceKlass com/mathworks/mlwidgets/help/addon/InstalledToolboxAccessor$ProductInfoListener
instanceKlass com/mathworks/mlwidgets/help/addon/DemoPath$MatlabPathListener
instanceKlass com/mathworks/mlwidgets/help/DefaultAddOnFileProvider
instanceKlass com/mathworks/mlwidgets/help/AddOnFileProvider
instanceKlass com/mathworks/mlwidgets/help/DemosXmlFileProvider
instanceKlass com/mathworks/mlwidgets/help/addon/DemoPath
instanceKlass com/mathworks/mlwidgets/help/addon/InstalledToolboxAccessor$DemoListener
instanceKlass com/mathworks/mlwidgets/help/addon/InstalledToolboxAccessor
instanceKlass com/mathworks/mlwidgets/help/addon/SupportPackageInspectorProvider
instanceKlass com/mathworks/mlwidgets/help/addon/InstalledPackageAccessor
instanceKlass com/mathworks/mlwidgets/help/ProductFilterModel$DefaultDependencyProvider
instanceKlass com/mathworks/mlwidgets/help/ProductFilterModel$DependencyProvider
instanceKlass com/mathworks/mlwidgets/help/ProductFilterModel
instanceKlass com/mathworks/mlwidgets/help/DefaultHelpPreferenceAccessor
instanceKlass com/mathworks/mlwidgets/help/HelpPreferenceAccessor
instanceKlass com/mathworks/mlwidgets/help/ProductFilterPrefs
instanceKlass com/mathworks/mlwidgets/help/DocCenterProductPrefs
instanceKlass com/mathworks/mlwidgets/help/DocCenterDocConfigParams
instanceKlass com/mathworks/mlwidgets/help/NonProductDocSetItemBuilder
instanceKlass com/mathworks/help/helpui/InProductSearchConfig
instanceKlass com/mathworks/helpsearch/SearchConfig
instanceKlass com/mathworks/help/helpui/DocRoot
instanceKlass com/mathworks/helpsearch/DocPathBuilder
instanceKlass com/mathworks/help/helpui/WebDocBaseRootsFactory
instanceKlass com/mathworks/mlwidgets/help/WebConnectivityStatus$WebReachableCheck
instanceKlass com/mathworks/mwswing/MouseUtils
instanceKlass com/mathworks/mlwidgets/explorer/model/table/UiFileList$3
instanceKlass com/mathworks/mlwidgets/explorer/DetailViewer$5$2
instanceKlass com/mathworks/mlwidgets/explorer/DetailViewer$5$1
instanceKlass com/mathworks/toolbox/coder/model/CoderFileSupport$1
instanceKlass com/mathworks/toolbox/coder/app/CoderRegistry$1
instanceKlass com/mathworks/toolbox/coder/app/CoderRegistry$AbstractCoderInstance
instanceKlass com/mathworks/toolbox/coder/app/CoderRegistry$CoderInstance
instanceKlass com/mathworks/toolbox/coder/app/CoderRegistry
instanceKlass com/mathworks/toolbox/coder/model/CoderFileSupport$FileCache$2
instanceKlass com/mathworks/toolbox/coder/util/LRUMap$SoftReferenceMap
instanceKlass com/mathworks/toolbox/coder/model/CoderFileSupport$FileCache$CharCountingMap$1
instanceKlass com/mathworks/toolbox/coder/util/LRUMap$LRUPredicate
instanceKlass com/mathworks/toolbox/coder/util/LRUMap
instanceKlass com/mathworks/toolbox/coder/model/CoderFileSupport$OffsetConverter
instanceKlass com/mathworks/toolbox/coder/model/CoderFileSupport$FileCache
instanceKlass com/mathworks/toolbox/coder/plugin/Utilities$10
instanceKlass com/mathworks/toolbox/coder/plugin/Utilities$1
instanceKlass com/mathworks/toolbox/coder/plugin/Utilities$9
instanceKlass com/mathworks/project/api/XmlLooper
instanceKlass com/mathworks/project/api/ReadableConfiguration
instanceKlass com/mathworks/toolbox/coder/plugin/Utilities
instanceKlass com/mathworks/toolbox/coder/util/CoderLogger$1
instanceKlass com/mathworks/toolbox/coder/util/CoderLogger$LogTarget
instanceKlass com/mathworks/toolbox/coder/util/CoderLogger
instanceKlass com/mathworks/toolbox/coder/model/CoderFileSupport
instanceKlass com/mathworks/resource_core/BaseMsgID
instanceKlass com/mathworks/toolbox/distcomp/util/i18n/I18nMatlabIdentifiedException
instanceKlass com/mathworks/toolbox/distcomp/util/i18n/HasI18nMatlabIdentifiedMessage
instanceKlass com/mathworks/util/MatlabIdentified
instanceKlass com/mathworks/toolbox/distcomp/util/FileUtils
instanceKlass javax/swing/Autoscroller
instanceKlass com/mathworks/widgets/grouptable/EditOnClickHandler$4
instanceKlass com/mathworks/mlwidgets/explorer/widgets/table/FileTable$4$1
instanceKlass com/mathworks/widgets/TextFieldWithBalloonTip$6
instanceKlass com/mathworks/widgets/TextFieldWithBalloonTip$5
instanceKlass com/jidesoft/tooltip/c
instanceKlass com/jidesoft/tooltip/ExpandedTip
instanceKlass com/jidesoft/tooltip/d$a_
instanceKlass com/jidesoft/tooltip/BalloonTipUI$a_
instanceKlass com/jidesoft/tooltip/composite/EdgeEffectComposite
instanceKlass com/jidesoft/tooltip/ShadowComposite
instanceKlass com/jidesoft/tooltip/shadows/PerspectiveShadow
instanceKlass com/jidesoft/tooltip/shapes/RoundedRectangularBalloonShape
instanceKlass com/jidesoft/tooltip/ShadowSettings
instanceKlass com/jidesoft/tooltip/ShadowStyle
instanceKlass com/mathworks/widgets/ValidityWithHelp
instanceKlass com/mathworks/mwswing/validation/ValidatableTextField$2
instanceKlass com/mathworks/mwswing/validation/ValidatableTextField$1
instanceKlass com/mathworks/widgets/TextFieldWithBalloonTip$1
instanceKlass com/mathworks/mlwidgets/explorer/widgets/table/FileNameEditor$2
instanceKlass com/mathworks/mwswing/validation/ValidationListener
instanceKlass com/jidesoft/tooltip/BalloonShape
instanceKlass com/mathworks/mwswing/validation/Validatable
instanceKlass com/mathworks/widgets/TextFieldWithBalloonTip
instanceKlass com/mathworks/mlwidgets/explorer/widgets/table/FileNameEditor$1
instanceKlass com/mathworks/widgets/ValidatableWithHelp
instanceKlass com/mathworks/mlwidgets/explorer/widgets/table/FileNameEditor
instanceKlass com/mathworks/widgets/grouptable/PairingEditorWrapper
instanceKlass com/mathworks/widgets/grouptable/CloseableEditor
instanceKlass com/mathworks/widgets/desk/DeferredRunnable
instanceKlass java/util/ArrayDeque$DescendingIterator
instanceKlass com/mathworks/desktop/overlay/impl/DefaultOverlayManager$OverlayItem
instanceKlass com/google/common/collect/MapMakerInternalMap$StrongValueEntry
instanceKlass com/mathworks/util/logger/impl/LegacyLogger
instanceKlass com/mathworks/util/logger/Logger
instanceKlass com/mathworks/util/event/EventUtils$1
instanceKlass com/mathworks/desktop/overlay/impl/DefaultOverlayManager$5
instanceKlass com/mathworks/desktop/overlay/impl/DefaultOverlayManager$4
instanceKlass com/mathworks/desktop/overlay/impl/DefaultOverlayManager$2
instanceKlass com/mathworks/desktop/overlay/impl/DefaultOverlayManager$1
instanceKlass com/google/common/collect/MapMakerInternalMap$WeakKeyStrongValueEntry$Helper
instanceKlass com/google/common/collect/MapMakerInternalMap$InternalEntry
instanceKlass com/google/common/collect/MapMakerInternalMap$1
instanceKlass com/google/common/collect/MapMakerInternalMap$WeakValueReference
instanceKlass com/google/common/collect/MapMakerInternalMap$InternalEntryHelper
instanceKlass com/mathworks/desktop/overlay/OverlayManagers$DefaultFactory
instanceKlass com/mathworks/desktop/overlay/OverlayManagers$OverlayManagerFactory
instanceKlass com/mathworks/desktop/overlay/OverlayManagers
instanceKlass com/mathworks/widgets/spreadsheet/data/ComplexArray
instanceKlass com/mathworks/widgets/spreadsheet/data/ValueSummary
instanceKlass com/mathworks/widgets/spreadsheet/IReadOnlyData
instanceKlass com/mathworks/hwsmanagement/InstalledSupportPackage$Builder
instanceKlass sun/net/www/protocol/http/HttpURLConnection$7
instanceKlass com/mathworks/mlwidgets/html/DefaultWebReachableStrategy
instanceKlass com/mathworks/mlwidgets/html/WebReachableStrategy
instanceKlass com/mathworks/mlwidgets/help/WebConnectivityStatus
instanceKlass com/mathworks/mlwidgets/help/messages/DocConnectorPrefs$DefaultDependencyProvider
instanceKlass com/mathworks/mlwidgets/help/messages/DocConnectorPrefs$DependencyProvider
instanceKlass com/mathworks/mlwidgets/help/messages/DocConnectorPrefs
instanceKlass com/mathworks/help/helpui/DocConfigBase
instanceKlass com/mathworks/mlwidgets/help/DocCenterDocConfig$DocSetAdapter
instanceKlass com/mathworks/helpsearch/product/ProductFilter
instanceKlass com/mathworks/help/helpui/AbstractDocConfig
instanceKlass com/mathworks/mlwidgets/help/examples/MLExampleRegistry
instanceKlass com/mathworks/toolbox/difflink/server/AutoStart$1
instanceKlass com/mathworks/eps/notificationclient/messages/request/NotificationRequest$1
instanceKlass com/mathworks/eps/notificationclient/messages/request/NotificationRequest
instanceKlass com/mathworks/eps/notificationclient/messages/request/NotificationRequest$Builder
instanceKlass com/mathworks/comparisons/util/Preconditions
instanceKlass com/mathworks/eps/notificationclient/api/results/GetLastMessageResult
instanceKlass com/mathworks/comparisons/prefs/SettingsPreferenceRetriever
instanceKlass com/mathworks/comparisons/prefs/PreferenceRetriever
instanceKlass com/mathworks/eps/notificationclient/messages/request/AbstractRequestMessage
instanceKlass com/mathworks/comparisons/prefs/ComparisonPreferenceManager
instanceKlass com/mathworks/toolbox/difflink/server/AutoStart$3
instanceKlass com/mathworks/comparisons/prefs/ComparisonPreference
instanceKlass com/mathworks/eps/notificationclient/messages/request/metadata/NotificationRequestMetadata
instanceKlass com/mathworks/toolbox/difflink/server/AutoStart
instanceKlass com/mathworks/eps/notificationclient/impl/GetNotificationsRequest
instanceKlass com/mathworks/mde/appdesigner/AppDesignerDebugServices$1
instanceKlass com/mathworks/mde/appdesigner/AppDesignerDebugServices
instanceKlass com/mathworks/mde/appdesigner/AppDesignerStartup
instanceKlass com/mathworks/product/comparator/MatlabeticalProductNameComparator
instanceKlass com/mathworks/product/AbstractProduct
instanceKlass com/mathworks/product/Product
instanceKlass com/google/gson/internal/LinkedTreeMap$Node
instanceKlass com/google/gson/internal/LinkedTreeMap$1
instanceKlass com/mathworks/eps/notificationclient/messages/response/authnz/GetTokenInfoResponseMetadata
instanceKlass com/mathworks/eps/notificationclient/messages/response/authnz/GetAPSTokenResponseMsg$Application
instanceKlass com/mathworks/eps/notificationclient/messages/response/authnz/GetAPSTokenResponseMsg$Service
instanceKlass com/mathworks/eps/notificationclient/messages/response/authnz/GetAPSTokenResponseMsg
instanceKlass com/mathworks/eps/notificationclient/api/faults/FaultCondition
instanceKlass com/google/gson/internal/ConstructorConstructor$3
instanceKlass com/google/gson/internal/JsonReaderInternalAccess
instanceKlass com/mathworks/eps/notificationclient/messages/utils/GsonUtils$JsonMessageDeserializer
instanceKlass com/mathworks/eps/notificationclient/messages/response/NotificationResponseMessage
instanceKlass com/mathworks/eps/notificationclient/messages/response/authnz/GetAPSTokenResponse
instanceKlass org/apache/http/util/EntityUtils
instanceKlass org/apache/http/message/BasicHeaderElementIterator
instanceKlass org/apache/http/message/BasicTokenIterator
instanceKlass org/apache/http/impl/cookie/BasicClientCookie
instanceKlass org/apache/http/cookie/ClientCookie
instanceKlass org/apache/http/impl/cookie/NetscapeDraftHeaderParser
instanceKlass org/apache/http/message/BasicHeaderElement
instanceKlass org/apache/http/message/BasicNameValuePair
instanceKlass org/apache/http/message/TokenParser
instanceKlass org/apache/http/NameValuePair
instanceKlass org/apache/http/HeaderElement
instanceKlass org/apache/http/message/BasicHeaderValueParser
instanceKlass org/apache/http/message/HeaderValueParser
instanceKlass org/apache/http/impl/nio/codecs/AbstractContentDecoder
instanceK